#
# There is insufficient memory for the Java Runtime Environment to continue.
# Native memory allocation (malloc) failed to allocate 1048576 bytes. Error detail: AllocateHeap
# Possible reasons:
#   The system is out of physical RAM or swap space
#   This process is running with CompressedOops enabled, and the Java Heap may be blocking the growth of the native heap
# Possible solutions:
#   Reduce memory load on the system
#   Increase physical memory or swap space
#   Check if swap backing store is full
#   Decrease Java heap size (-Xmx/-Xms)
#   Decrease number of Java threads
#   Decrease Java thread stack sizes (-Xss)
#   Set larger code cache with -XX:ReservedCodeCacheSize=
#   JVM is running with Unscaled Compressed Oops mode in which the Java heap is
#     placed in the first 4GB address space. The Java Heap base address is the
#     maximum limit for the native heap growth. Please use -XX:HeapBaseMinAddress
#     to set the Java Heap base and to place the Java Heap above 4GB virtual address.
# This output file may be truncated or incomplete.
#
#  Out of Memory Error (allocation.cpp:44), pid=8852, tid=17472
#
# JRE version: OpenJDK Runtime Environment Temurin-21.0.10+7 (21.0.10+7) (build 21.0.10+7-LTS)
# Java VM: OpenJDK 64-Bit Server VM Temurin-21.0.10+7 (21.0.10+7-LTS, mixed mode, sharing, tiered, compressed oops, compressed class ptrs, parallel gc, windows-amd64)
# No core dump will be written. Minidumps are not enabled by default on client versions of Windows
#

---------------  S U M M A R Y ------------

Command Line: --add-modules=ALL-SYSTEM --add-opens=java.base/java.util=ALL-UNNAMED --add-opens=java.base/java.lang=ALL-UNNAMED --add-opens=java.base/sun.nio.fs=ALL-UNNAMED -Declipse.application=org.eclipse.jdt.ls.core.id1 -Dosgi.bundles.defaultStartLevel=4 -Declipse.product=org.eclipse.jdt.ls.core.product -Djava.import.generatesMetadataFilesAtProjectRoot=false -DDetectVMInstallationsJob.disabled=true -Dfile.encoding=utf8 -XX:+UseParallelGC -XX:GCTimeRatio=4 -XX:AdaptiveSizePolicyWeight=90 -Dsun.zip.disableMemoryMapping=true -Xmx2G -Xms100m -Xlog:disable -javaagent:c:\Users\Daniel G\.vscode\extensions\redhat.java-1.54.2026032508-win32-x64\lombok\lombok-1.18.39-4050.jar -XX:+HeapDumpOnOutOfMemoryError -XX:HeapDumpPath=c:\Users\Daniel G\AppData\Roaming\Code\User\workspaceStorage\d6beb6c7fe6d550a494165b7dcf02cc4\redhat.java -Daether.dependencyCollector.impl=bf -XX:+UnlockDiagnosticVMOptions -XX:+AllowArchivingWithJavaAgent -XX:+AutoCreateSharedArchive -XX:SharedArchiveFile=c:\Users\Daniel G\AppData\Roaming\Code\User\globalStorage\redhat.java\1.54.2026032508\jdtls.jsa c:\Users\Daniel G\.vscode\extensions\redhat.java-1.54.2026032508-win32-x64\server\plugins\org.eclipse.equinox.launcher_1.7.100.v20251111-0406.jar -configuration c:\Users\Daniel G\AppData\Roaming\Code\User\globalStorage\redhat.java\1.54.2026032508\config_win -data c:\Users\Daniel G\AppData\Roaming\Code\User\workspaceStorage\d6beb6c7fe6d550a494165b7dcf02cc4\redhat.java\jdt_ws --pipe=\\.\pipe\lsp-40caa82a1f61bde1e04cea741389f01c-sock

Host: Intel(R) Core(TM) i3-1005G1 CPU @ 1.20GHz, 4 cores, 3G,  Windows 10 , 64 bit Build 19041 (10.0.19041.5915)
Time: Sun Mar 29 19:44:20 2026 Hora est. Pac璗ico, Sudam廨ica elapsed time: 19296.393861 seconds (0d 5h 21m 36s)

---------------  T H R E A D  ---------------

Current thread (0x000001b735ca4c30):  JavaThread "Attach Listener" daemon [_thread_in_vm, id=17472, stack(0x0000004cec500000,0x0000004cec600000) (1024K)]

Stack: [0x0000004cec500000,0x0000004cec600000]
Native frames: (J=compiled Java code, j=interpreted, Vv=VM code, C=native code)
V  [jvm.dll+0x6d7a39]
V  [jvm.dll+0x8b4b26]
V  [jvm.dll+0x8b70de]
V  [jvm.dll+0x8b77c3]
V  [jvm.dll+0x284346]
V  [jvm.dll+0xc1277]
V  [jvm.dll+0x6d82e9]
V  [jvm.dll+0x1334a6]
V  [jvm.dll+0x3f857e]
V  [jvm.dll+0x85f59d]
V  [jvm.dll+0x6d626d]
C  [ucrtbase.dll+0x21bb2]
C  [KERNEL32.DLL+0x17374]
C  [ntdll.dll+0x4cc91]


---------------  P R O C E S S  ---------------

Threads class SMR info:
_java_thread_list=0x000001b702b32320, length=35, elements={
0x000001b71d394930, 0x000001b71d44bd40, 0x000001b735ca0750, 0x000001b735ca3f10,
0x000001b735ca4c30, 0x000001b735ca6800, 0x000001b735ca7260, 0x000001b735ca80a0,
0x000001b735d16fd0, 0x000001b77abca3c0, 0x000001b77ad09750, 0x000001b735d0dc60,
0x000001b77f16b290, 0x000001b735d3ba30, 0x000001b77f249c00, 0x000001b77f7a49e0,
0x000001b700260210, 0x000001b77f4e5340, 0x000001b77f72bcb0, 0x000001b77f728ec0,
0x000001b70010e6a0, 0x000001b70010ed30, 0x000001b70010f3c0, 0x000001b70010fa50,
0x000001b7001100e0, 0x000001b700110770, 0x000001b70010e010, 0x000001b700110e00,
0x000001b701424d40, 0x000001b77accfde0, 0x000001b77accc2d0, 0x000001b77accf750,
0x000001b77acccff0, 0x000001b77accd680, 0x000001b77acd1190
}

Java Threads: ( => current thread )
  0x000001b71d394930 JavaThread "main"                              [_thread_blocked, id=21024, stack(0x0000004cebe00000,0x0000004cebf00000) (1024K)]
  0x000001b71d44bd40 JavaThread "Reference Handler"          daemon [_thread_blocked, id=15972, stack(0x0000004cec200000,0x0000004cec300000) (1024K)]
  0x000001b735ca0750 JavaThread "Finalizer"                  daemon [_thread_blocked, id=8224, stack(0x0000004cec300000,0x0000004cec400000) (1024K)]
  0x000001b735ca3f10 JavaThread "Signal Dispatcher"          daemon [_thread_blocked, id=18248, stack(0x0000004cec400000,0x0000004cec500000) (1024K)]
=>0x000001b735ca4c30 JavaThread "Attach Listener"            daemon [_thread_in_vm, id=17472, stack(0x0000004cec500000,0x0000004cec600000) (1024K)]
  0x000001b735ca6800 JavaThread "Service Thread"             daemon [_thread_blocked, id=7040, stack(0x0000004cec600000,0x0000004cec700000) (1024K)]
  0x000001b735ca7260 JavaThread "Monitor Deflation Thread"   daemon [_thread_blocked, id=19544, stack(0x0000004cec700000,0x0000004cec800000) (1024K)]
  0x000001b735ca80a0 JavaThread "C2 CompilerThread0"         daemon [_thread_blocked, id=9896, stack(0x0000004cec800000,0x0000004cec900000) (1024K)]
  0x000001b735d16fd0 JavaThread "C1 CompilerThread0"         daemon [_thread_blocked, id=20024, stack(0x0000004cec900000,0x0000004ceca00000) (1024K)]
  0x000001b77abca3c0 JavaThread "Common-Cleaner"             daemon [_thread_blocked, id=16228, stack(0x0000004ceca00000,0x0000004cecb00000) (1024K)]
  0x000001b77ad09750 JavaThread "Notification Thread"        daemon [_thread_blocked, id=9120, stack(0x0000004cecb00000,0x0000004cecc00000) (1024K)]
  0x000001b735d0dc60 JavaThread "Active Thread: Equinox Container: 6ede1acb-21d0-461b-b22e-ca0341f6d29a"        [_thread_blocked, id=14844, stack(0x0000004cecf00000,0x0000004ced000000) (1024K)]
  0x000001b77f16b290 JavaThread "Refresh Thread: Equinox Container: 6ede1acb-21d0-461b-b22e-ca0341f6d29a" daemon [_thread_blocked, id=21496, stack(0x0000004ced000000,0x0000004ced100000) (1024K)]
  0x000001b735d3ba30 JavaThread "Framework Event Dispatcher: Equinox Container: 6ede1acb-21d0-461b-b22e-ca0341f6d29a" daemon [_thread_blocked, id=18760, stack(0x0000004ced100000,0x0000004ced200000) (1024K)]
  0x000001b77f249c00 JavaThread "Start Level: Equinox Container: 6ede1acb-21d0-461b-b22e-ca0341f6d29a" daemon [_thread_blocked, id=9160, stack(0x0000004ced200000,0x0000004ced300000) (1024K)]
  0x000001b77f7a49e0 JavaThread "Bundle File Closer"         daemon [_thread_blocked, id=15004, stack(0x0000004ced300000,0x0000004ced400000) (1024K)]
  0x000001b700260210 JavaThread "SCR Component Actor"        daemon [_thread_blocked, id=4860, stack(0x0000004ced400000,0x0000004ced500000) (1024K)]
  0x000001b77f4e5340 JavaThread "Worker-JM"                         [_thread_blocked, id=19784, stack(0x0000004ced500000,0x0000004ced600000) (1024K)]
  0x000001b77f72bcb0 JavaThread "JNA Cleaner"                daemon [_thread_blocked, id=20704, stack(0x0000004ced600000,0x0000004ced700000) (1024K)]
  0x000001b77f728ec0 JavaThread "Java indexing"              daemon [_thread_in_native, id=6128, stack(0x0000004cedb00000,0x0000004cedc00000) (1024K)]
  0x000001b70010e6a0 JavaThread "Thread-1"                   daemon [_thread_in_native, id=16040, stack(0x0000004cee000000,0x0000004cee100000) (1024K)]
  0x000001b70010ed30 JavaThread "Thread-2"                   daemon [_thread_in_native, id=18980, stack(0x0000004cee100000,0x0000004cee200000) (1024K)]
  0x000001b70010f3c0 JavaThread "Thread-3"                   daemon [_thread_in_native, id=12840, stack(0x0000004cee200000,0x0000004cee300000) (1024K)]
  0x000001b70010fa50 JavaThread "Thread-4"                   daemon [_thread_in_native, id=14352, stack(0x0000004cee300000,0x0000004cee400000) (1024K)]
  0x000001b7001100e0 JavaThread "Thread-5"                   daemon [_thread_in_native, id=20948, stack(0x0000004cee400000,0x0000004cee500000) (1024K)]
  0x000001b700110770 JavaThread "pool-2-thread-1"                   [_thread_blocked, id=6108, stack(0x0000004cee500000,0x0000004cee600000) (1024K)]
  0x000001b70010e010 JavaThread "WorkspaceEventsHandler"            [_thread_blocked, id=15768, stack(0x0000004cee600000,0x0000004cee700000) (1024K)]
  0x000001b700110e00 JavaThread "pool-1-thread-1"                   [_thread_blocked, id=5580, stack(0x0000004cee700000,0x0000004cee800000) (1024K)]
  0x000001b701424d40 JavaThread "Worker-14: Processing JDT Change Events"        [_thread_blocked, id=21392, stack(0x0000004ced800000,0x0000004ced900000) (1024K)]
  0x000001b77accfde0 JavaThread "Worker-17: Update project ui-service"        [_thread_blocked, id=17484, stack(0x0000004cebc00000,0x0000004cebd00000) (1024K)]
  0x000001b77accc2d0 JavaThread "Worker-20"                         [_thread_blocked, id=20800, stack(0x0000004cebd00000,0x0000004cebe00000) (1024K)]
  0x000001b77accf750 JavaThread "Worker-21: Java indexing... "        [_thread_blocked, id=11428, stack(0x0000004ced700000,0x0000004ced800000) (1024K)]
  0x000001b77acccff0 JavaThread "Worker-22: Classpath Update Job"        [_thread_in_native, id=13616, stack(0x0000004ced900000,0x0000004ceda00000) (1024K)]
  0x000001b77accd680 JavaThread "Worker-23"                         [_thread_blocked, id=21232, stack(0x0000004ceda00000,0x0000004cedb00000) (1024K)]
  0x000001b77acd1190 JavaThread "ForkJoinPool.commonPool-worker-62" daemon [_thread_blocked, id=17184, stack(0x0000004cedc00000,0x0000004cedd00000) (1024K)]
Total: 35

Other Threads:
  0x000001b735c9f890 VMThread "VM Thread"                           [id=7492, stack(0x0000004cec100000,0x0000004cec200000) (1024K)]
  0x000001b71d400fa0 WatcherThread "VM Periodic Task Thread"        [id=3548, stack(0x0000004cec000000,0x0000004cec100000) (1024K)]
  0x000001b71d3b2e60 WorkerThread "GC Thread#0"                     [id=2020, stack(0x0000004cebf00000,0x0000004cec000000) (1024K)]
  0x000001b77f193ce0 WorkerThread "GC Thread#1"                     [id=21060, stack(0x0000004cecc00000,0x0000004cecd00000) (1024K)]
  0x000001b77f194090 WorkerThread "GC Thread#2"                     [id=16160, stack(0x0000004cecd00000,0x0000004cece00000) (1024K)]
  0x000001b77f184ff0 WorkerThread "GC Thread#3"                     [id=13568, stack(0x0000004cece00000,0x0000004cecf00000) (1024K)]
Total: 6

Threads with active compile tasks:
Total: 0

VM state: not at safepoint (normal execution)

VM Mutex/Monitor currently owned by a thread: None

Heap address: 0x0000000080000000, size: 2048 MB, Compressed Oops mode: 32-bit

CDS archive(s) mapped at: [0x000001b736000000-0x000001b736ba0000-0x000001b739d30000), size 64159744, SharedBaseAddress: 0x000001b736000000, ArchiveRelocationMode: 1.
Compressed class space mapped at: 0x000001b73a000000-0x000001b77a000000, reserved size: 1073741824
Narrow klass base: 0x000001b736000000, Narrow klass shift: 0, Narrow klass range: 0x100000000

GC Precious Log:
 CardTable entry size: 512
 CPUs: 4 total, 4 available
 Memory: 3863M
 Large Page Support: Disabled
 NUMA Support: Disabled
 Compressed Oops: Enabled (32-bit)
 Alignments: Space 512K, Generation 512K, Heap 2M
 Heap Min Capacity: 100M
 Heap Initial Capacity: 100M
 Heap Max Capacity: 2G
 Pre-touch: Disabled
 Parallel Workers: 4

Heap:
 PSYoungGen      total 5120K, used 4553K [0x00000000d5580000, 0x00000000d5c80000, 0x0000000100000000)
  eden space 4096K, 87% used [0x00000000d5580000,0x00000000d59025b8,0x00000000d5980000)
  from space 1024K, 93% used [0x00000000d5b80000,0x00000000d5c70000,0x00000000d5c80000)
  to   space 1536K, 0% used [0x00000000d5980000,0x00000000d5980000,0x00000000d5b00000)
 ParOldGen       total 671744K, used 671633K [0x0000000080000000, 0x00000000a9000000, 0x00000000d5580000)
  object space 671744K, 99% used [0x0000000080000000,0x00000000a8fe47b0,0x00000000a9000000)
 Metaspace       used 40978K, committed 42112K, reserved 1114112K
  class space    used 3511K, committed 3968K, reserved 1048576K

Card table byte_map: [0x000001b731070000,0x000001b731480000] _byte_map_base: 0x000001b730c70000

Marking Bits: (ParMarkBitMap*) 0x00007ff999c93450
 Begin Bits: [0x000001b731730000, 0x000001b733730000)
 End Bits:   [0x000001b733730000, 0x000001b735730000)

Polling page: 0x000001b721e60000

Metaspace:

Usage:
  Non-class:     36.59 MB used.
      Class:      3.43 MB used.
       Both:     40.02 MB used.

Virtual space:
  Non-class space:       64.00 MB reserved,      37.25 MB ( 58%) committed,  1 nodes.
      Class space:        1.00 GB reserved,       3.88 MB ( <1%) committed,  1 nodes.
             Both:        1.06 GB reserved,      41.12 MB (  4%) committed. 

Chunk freelists:
   Non-Class:  10.72 MB
       Class:  12.13 MB
        Both:  22.85 MB

MaxMetaspaceSize: unlimited
CompressedClassSpaceSize: 1.00 GB
Initial GC threshold: 21.00 MB
Current GC threshold: 58.38 MB
CDS: on
 - commit_granule_bytes: 65536.
 - commit_granule_words: 8192.
 - virtual_space_node_default_size: 8388608.
 - enlarge_chunks_in_place: 1.
 - use_allocation_guard: 0.


Internal statistics:

num_allocs_failed_limit: 8.
num_arena_births: 1238.
num_arena_deaths: 328.
num_vsnodes_births: 2.
num_vsnodes_deaths: 0.
num_space_committed: 658.
num_space_uncommitted: 0.
num_chunks_returned_to_freelist: 389.
num_chunks_taken_from_freelist: 3587.
num_chunk_merges: 112.
num_chunk_splits: 2000.
num_chunks_enlarged: 1079.
num_inconsistent_stats: 0.

CodeHeap 'non-profiled nmethods': size=120000Kb used=18129Kb max_used=18129Kb free=101870Kb
 bounds [0x000001b729950000, 0x000001b72ab10000, 0x000001b730e80000]
CodeHeap 'profiled nmethods': size=120000Kb used=43970Kb max_used=43970Kb free=76029Kb
 bounds [0x000001b721e80000, 0x000001b724980000, 0x000001b7293b0000]
CodeHeap 'non-nmethods': size=5760Kb used=1493Kb max_used=1568Kb free=4266Kb
 bounds [0x000001b7293b0000, 0x000001b729620000, 0x000001b729950000]
CodeCache: size=245760Kb, used=63592Kb, max_used=63667Kb, free=182165Kb
 total_blobs=19358, nmethods=18556, adapters=705, full_count=0
Compilation: enabled, stopped_count=0, restarted_count=0

Compilation events (20 events):
Event: 19295.866 Thread 0x000001b735ca80a0 19935       4       org.eclipse.jdt.internal.compiler.util.HashtableOfObject::put (101 bytes)
Event: 19295.873 Thread 0x000001b735ca80a0 nmethod 19935 0x000001b72aaf9410 code [0x000001b72aaf9620, 0x000001b72aaf9d78]
Event: 19295.873 Thread 0x000001b735ca80a0 19936       4       org.eclipse.jdt.internal.compiler.parser.Parser::pushOnExpressionStackLengthStack (54 bytes)
Event: 19295.874 Thread 0x000001b735ca80a0 nmethod 19936 0x000001b72aafa090 code [0x000001b72aafa220, 0x000001b72aafa320]
Event: 19295.885 Thread 0x000001b735d16fd0 19937   !   3       org.eclipse.jdt.internal.compiler.lookup.LookupEnvironment::askForType (444 bytes)
Event: 19295.887 Thread 0x000001b735d16fd0 nmethod 19937 0x000001b72496af90 code [0x000001b72496b3c0, 0x000001b72496d620]
Event: 19295.890 Thread 0x000001b735ca80a0 19938   !   4       org.eclipse.jdt.internal.compiler.classfmt.ClassFileReader::read (134 bytes)
Event: 19295.892 Thread 0x000001b735d16fd0 19939       3       org.eclipse.jdt.internal.compiler.lookup.ModuleBinding::nameForCUCheck (5 bytes)
Event: 19295.892 Thread 0x000001b735d16fd0 nmethod 19939 0x000001b72496e690 code [0x000001b72496e840, 0x000001b72496ea08]
Event: 19296.098 Thread 0x000001b735ca80a0 nmethod 19938 0x000001b72aafa410 code [0x000001b72aafab80, 0x000001b72ab00330]
Event: 19296.295 Thread 0x000001b735d16fd0 19940       1       org.eclipse.jdt.core.search.SearchDocument::shouldIndexResolvedDocument (5 bytes)
Event: 19296.295 Thread 0x000001b735d16fd0 nmethod 19940 0x000001b72ab03b10 code [0x000001b72ab03ca0, 0x000001b72ab03d70]
Event: 19296.300 Thread 0x000001b735d16fd0 19941       3       org.eclipse.jdt.internal.compiler.SourceElementParser::consumeAnnotationAsModifier (49 bytes)
Event: 19296.301 Thread 0x000001b735d16fd0 nmethod 19941 0x000001b72496ea90 code [0x000001b72496ec80, 0x000001b72496f140]
Event: 19296.302 Thread 0x000001b735d16fd0 19942       3       org.eclipse.jdt.internal.compiler.SourceElementNotifier::getArgumentInfos (171 bytes)
Event: 19296.303 Thread 0x000001b735ca80a0 19943       4       org.eclipse.jdt.internal.core.search.indexing.IndexManager$MetaIndexUpdateRequest::equals (36 bytes)
Event: 19296.304 Thread 0x000001b735ca80a0 nmethod 19943 0x000001b72ab03e10 code [0x000001b72ab03fa0, 0x000001b72ab04088]
Event: 19296.316 Thread 0x000001b735d16fd0 nmethod 19942 0x000001b72496f310 code [0x000001b72496f560, 0x000001b7249705f8]
Event: 19296.336 Thread 0x000001b735ca80a0 19944   !   4       java.io.WinNTFileSystem::canonicalize (199 bytes)
Event: 19296.338 Thread 0x000001b735ca80a0 nmethod 19944 0x000001b72ab04190 code [0x000001b72ab04340, 0x000001b72ab04518]

GC Heap History (20 events):
Event: 19292.760 GC heap before
{Heap before GC invocations=881 (full 2):
 PSYoungGen      total 6144K, used 6107K [0x00000000d5580000, 0x00000000d5e80000, 0x0000000100000000)
  eden space 5120K, 99% used [0x00000000d5580000,0x00000000d5a7d708,0x00000000d5a80000)
  from space 1024K, 97% used [0x00000000d5d80000,0x00000000d5e797c8,0x00000000d5e80000)
  to   space 2048K, 0% used [0x00000000d5a80000,0x00000000d5a80000,0x00000000d5c80000)
 ParOldGen       total 663552K, used 663128K [0x0000000080000000, 0x00000000a8800000, 0x00000000d5580000)
  object space 663552K, 99% used [0x0000000080000000,0x00000000a8796228,0x00000000a8800000)
 Metaspace       used 40829K, committed 41920K, reserved 1114112K
  class space    used 3505K, committed 3968K, reserved 1048576K
}
Event: 19292.766 GC heap after
{Heap after GC invocations=881 (full 2):
 PSYoungGen      total 7168K, used 1536K [0x00000000d5580000, 0x00000000d5e80000, 0x0000000100000000)
  eden space 5120K, 0% used [0x00000000d5580000,0x00000000d5580000,0x00000000d5a80000)
  from space 2048K, 75% used [0x00000000d5a80000,0x00000000d5c00010,0x00000000d5c80000)
  to   space 2048K, 0% used [0x00000000d5c80000,0x00000000d5c80000,0x00000000d5e80000)
 ParOldGen       total 664064K, used 664049K [0x0000000080000000, 0x00000000a8880000, 0x00000000d5580000)
  object space 664064K, 99% used [0x0000000080000000,0x00000000a887c620,0x00000000a8880000)
 Metaspace       used 40829K, committed 41920K, reserved 1114112K
  class space    used 3505K, committed 3968K, reserved 1048576K
}
Event: 19293.092 GC heap before
{Heap before GC invocations=882 (full 2):
 PSYoungGen      total 7168K, used 6656K [0x00000000d5580000, 0x00000000d5e80000, 0x0000000100000000)
  eden space 5120K, 100% used [0x00000000d5580000,0x00000000d5a80000,0x00000000d5a80000)
  from space 2048K, 75% used [0x00000000d5a80000,0x00000000d5c00010,0x00000000d5c80000)
  to   space 2048K, 0% used [0x00000000d5c80000,0x00000000d5c80000,0x00000000d5e80000)
 ParOldGen       total 664064K, used 664049K [0x0000000080000000, 0x00000000a8880000, 0x00000000d5580000)
  object space 664064K, 99% used [0x0000000080000000,0x00000000a887c620,0x00000000a8880000)
 Metaspace       used 40849K, committed 41920K, reserved 1114112K
  class space    used 3505K, committed 3968K, reserved 1048576K
}
Event: 19293.099 GC heap after
{Heap after GC invocations=882 (full 2):
 PSYoungGen      total 5632K, used 480K [0x00000000d5580000, 0x00000000d5d00000, 0x0000000100000000)
  eden space 5120K, 0% used [0x00000000d5580000,0x00000000d5580000,0x00000000d5a80000)
  from space 512K, 93% used [0x00000000d5c80000,0x00000000d5cf8000,0x00000000d5d00000)
  to   space 1024K, 0% used [0x00000000d5b00000,0x00000000d5b00000,0x00000000d5c00000)
 ParOldGen       total 665600K, used 665492K [0x0000000080000000, 0x00000000a8a00000, 0x00000000d5580000)
  object space 665600K, 99% used [0x0000000080000000,0x00000000a89e5170,0x00000000a8a00000)
 Metaspace       used 40849K, committed 41920K, reserved 1114112K
  class space    used 3505K, committed 3968K, reserved 1048576K
}
Event: 19293.266 GC heap before
{Heap before GC invocations=883 (full 2):
 PSYoungGen      total 5632K, used 5598K [0x00000000d5580000, 0x00000000d5d00000, 0x0000000100000000)
  eden space 5120K, 99% used [0x00000000d5580000,0x00000000d5a7fb38,0x00000000d5a80000)
  from space 512K, 93% used [0x00000000d5c80000,0x00000000d5cf8000,0x00000000d5d00000)
  to   space 1024K, 0% used [0x00000000d5b00000,0x00000000d5b00000,0x00000000d5c00000)
 ParOldGen       total 665600K, used 665492K [0x0000000080000000, 0x00000000a8a00000, 0x00000000d5580000)
  object space 665600K, 99% used [0x0000000080000000,0x00000000a89e5170,0x00000000a8a00000)
 Metaspace       used 40852K, committed 41920K, reserved 1114112K
  class space    used 3505K, committed 3968K, reserved 1048576K
}
Event: 19293.270 GC heap after
{Heap after GC invocations=883 (full 2):
 PSYoungGen      total 6144K, used 992K [0x00000000d5580000, 0x00000000d5e80000, 0x0000000100000000)
  eden space 5120K, 0% used [0x00000000d5580000,0x00000000d5580000,0x00000000d5a80000)
  from space 1024K, 96% used [0x00000000d5b00000,0x00000000d5bf8010,0x00000000d5c00000)
  to   space 2048K, 0% used [0x00000000d5c80000,0x00000000d5c80000,0x00000000d5e80000)
 ParOldGen       total 666112K, used 666037K [0x0000000080000000, 0x00000000a8a80000, 0x00000000d5580000)
  object space 666112K, 99% used [0x0000000080000000,0x00000000a8a6d7e0,0x00000000a8a80000)
 Metaspace       used 40852K, committed 41920K, reserved 1114112K
  class space    used 3505K, committed 3968K, reserved 1048576K
}
Event: 19293.719 GC heap before
{Heap before GC invocations=884 (full 2):
 PSYoungGen      total 6144K, used 6112K [0x00000000d5580000, 0x00000000d5e80000, 0x0000000100000000)
  eden space 5120K, 100% used [0x00000000d5580000,0x00000000d5a80000,0x00000000d5a80000)
  from space 1024K, 96% used [0x00000000d5b00000,0x00000000d5bf8010,0x00000000d5c00000)
  to   space 2048K, 0% used [0x00000000d5c80000,0x00000000d5c80000,0x00000000d5e80000)
 ParOldGen       total 666112K, used 666037K [0x0000000080000000, 0x00000000a8a80000, 0x00000000d5580000)
  object space 666112K, 99% used [0x0000000080000000,0x00000000a8a6d7e0,0x00000000a8a80000)
 Metaspace       used 40913K, committed 41984K, reserved 1114112K
  class space    used 3508K, committed 3968K, reserved 1048576K
}
Event: 19293.722 GC heap after
{Heap after GC invocations=884 (full 2):
 PSYoungGen      total 6144K, used 928K [0x00000000d5580000, 0x00000000d5d80000, 0x0000000100000000)
  eden space 5120K, 0% used [0x00000000d5580000,0x00000000d5580000,0x00000000d5a80000)
  from space 1024K, 90% used [0x00000000d5c80000,0x00000000d5d680d0,0x00000000d5d80000)
  to   space 1536K, 0% used [0x00000000d5a80000,0x00000000d5a80000,0x00000000d5c00000)
 ParOldGen       total 667136K, used 667013K [0x0000000080000000, 0x00000000a8b80000, 0x00000000d5580000)
  object space 667136K, 99% used [0x0000000080000000,0x00000000a8b617f0,0x00000000a8b80000)
 Metaspace       used 40913K, committed 41984K, reserved 1114112K
  class space    used 3508K, committed 3968K, reserved 1048576K
}
Event: 19293.772 GC heap before
{Heap before GC invocations=885 (full 2):
 PSYoungGen      total 6144K, used 6048K [0x00000000d5580000, 0x00000000d5d80000, 0x0000000100000000)
  eden space 5120K, 100% used [0x00000000d5580000,0x00000000d5a80000,0x00000000d5a80000)
  from space 1024K, 90% used [0x00000000d5c80000,0x00000000d5d680d0,0x00000000d5d80000)
  to   space 1536K, 0% used [0x00000000d5a80000,0x00000000d5a80000,0x00000000d5c00000)
 ParOldGen       total 667136K, used 667013K [0x0000000080000000, 0x00000000a8b80000, 0x00000000d5580000)
  object space 667136K, 99% used [0x0000000080000000,0x00000000a8b617f0,0x00000000a8b80000)
 Metaspace       used 40925K, committed 41984K, reserved 1114112K
  class space    used 3508K, committed 3968K, reserved 1048576K
}
Event: 19293.779 GC heap after
{Heap after GC invocations=885 (full 2):
 PSYoungGen      total 6656K, used 464K [0x00000000d5580000, 0x00000000d5d00000, 0x0000000100000000)
  eden space 5120K, 0% used [0x00000000d5580000,0x00000000d5580000,0x00000000d5a80000)
  from space 1536K, 30% used [0x00000000d5a80000,0x00000000d5af40e0,0x00000000d5c00000)
  to   space 1024K, 0% used [0x00000000d5c00000,0x00000000d5c00000,0x00000000d5d00000)
 ParOldGen       total 668160K, used 667735K [0x0000000080000000, 0x00000000a8c80000, 0x00000000d5580000)
  object space 668160K, 99% used [0x0000000080000000,0x00000000a8c15d00,0x00000000a8c80000)
 Metaspace       used 40925K, committed 41984K, reserved 1114112K
  class space    used 3508K, committed 3968K, reserved 1048576K
}
Event: 19294.002 GC heap before
{Heap before GC invocations=886 (full 2):
 PSYoungGen      total 6656K, used 5584K [0x00000000d5580000, 0x00000000d5d00000, 0x0000000100000000)
  eden space 5120K, 100% used [0x00000000d5580000,0x00000000d5a80000,0x00000000d5a80000)
  from space 1536K, 30% used [0x00000000d5a80000,0x00000000d5af40e0,0x00000000d5c00000)
  to   space 1024K, 0% used [0x00000000d5c00000,0x00000000d5c00000,0x00000000d5d00000)
 ParOldGen       total 668160K, used 667735K [0x0000000080000000, 0x00000000a8c80000, 0x00000000d5580000)
  object space 668160K, 99% used [0x0000000080000000,0x00000000a8c15d00,0x00000000a8c80000)
 Metaspace       used 40928K, committed 41984K, reserved 1114112K
  class space    used 3508K, committed 3968K, reserved 1048576K
}
Event: 19294.007 GC heap after
{Heap after GC invocations=886 (full 2):
 PSYoungGen      total 5120K, used 992K [0x00000000d5580000, 0x00000000d5f80000, 0x0000000100000000)
  eden space 4096K, 0% used [0x00000000d5580000,0x00000000d5580000,0x00000000d5980000)
  from space 1024K, 96% used [0x00000000d5c00000,0x00000000d5cf8010,0x00000000d5d00000)
  to   space 2560K, 0% used [0x00000000d5980000,0x00000000d5980000,0x00000000d5c00000)
 ParOldGen       total 669184K, used 668759K [0x0000000080000000, 0x00000000a8d80000, 0x00000000d5580000)
  object space 669184K, 99% used [0x0000000080000000,0x00000000a8d15ec0,0x00000000a8d80000)
 Metaspace       used 40928K, committed 41984K, reserved 1114112K
  class space    used 3508K, committed 3968K, reserved 1048576K
}
Event: 19294.292 GC heap before
{Heap before GC invocations=887 (full 2):
 PSYoungGen      total 5120K, used 5088K [0x00000000d5580000, 0x00000000d5f80000, 0x0000000100000000)
  eden space 4096K, 100% used [0x00000000d5580000,0x00000000d5980000,0x00000000d5980000)
  from space 1024K, 96% used [0x00000000d5c00000,0x00000000d5cf8010,0x00000000d5d00000)
  to   space 2560K, 0% used [0x00000000d5980000,0x00000000d5980000,0x00000000d5c00000)
 ParOldGen       total 669184K, used 668759K [0x0000000080000000, 0x00000000a8d80000, 0x00000000d5580000)
  object space 669184K, 99% used [0x0000000080000000,0x00000000a8d15ec0,0x00000000a8d80000)
 Metaspace       used 40949K, committed 42048K, reserved 1114112K
  class space    used 3508K, committed 3968K, reserved 1048576K
}
Event: 19294.298 GC heap after
{Heap after GC invocations=887 (full 2):
 PSYoungGen      total 5632K, used 1072K [0x00000000d5580000, 0x00000000d5c80000, 0x0000000100000000)
  eden space 4096K, 0% used [0x00000000d5580000,0x00000000d5580000,0x00000000d5980000)
  from space 1536K, 69% used [0x00000000d5980000,0x00000000d5a8c010,0x00000000d5b00000)
  to   space 1536K, 0% used [0x00000000d5b00000,0x00000000d5b00000,0x00000000d5c80000)
 ParOldGen       total 670208K, used 669777K [0x0000000080000000, 0x00000000a8e80000, 0x00000000d5580000)
  object space 670208K, 99% used [0x0000000080000000,0x00000000a8e14798,0x00000000a8e80000)
 Metaspace       used 40949K, committed 42048K, reserved 1114112K
  class space    used 3508K, committed 3968K, reserved 1048576K
}
Event: 19294.650 GC heap before
{Heap before GC invocations=888 (full 2):
 PSYoungGen      total 5632K, used 5168K [0x00000000d5580000, 0x00000000d5c80000, 0x0000000100000000)
  eden space 4096K, 100% used [0x00000000d5580000,0x00000000d5980000,0x00000000d5980000)
  from space 1536K, 69% used [0x00000000d5980000,0x00000000d5a8c010,0x00000000d5b00000)
  to   space 1536K, 0% used [0x00000000d5b00000,0x00000000d5b00000,0x00000000d5c80000)
 ParOldGen       total 670208K, used 669777K [0x0000000080000000, 0x00000000a8e80000, 0x00000000d5580000)
  object space 670208K, 99% used [0x0000000080000000,0x00000000a8e14798,0x00000000a8e80000)
 Metaspace       used 40970K, committed 42112K, reserved 1114112K
  class space    used 3511K, committed 3968K, reserved 1048576K
}
Event: 19294.653 GC heap after
{Heap after GC invocations=888 (full 2):
 PSYoungGen      total 4608K, used 224K [0x00000000d5580000, 0x00000000d5b80000, 0x0000000100000000)
  eden space 4096K, 0% used [0x00000000d5580000,0x00000000d5580000,0x00000000d5980000)
  from space 512K, 43% used [0x00000000d5b00000,0x00000000d5b38000,0x00000000d5b80000)
  to   space 1024K, 0% used [0x00000000d5980000,0x00000000d5980000,0x00000000d5a80000)
 ParOldGen       total 670208K, used 669980K [0x0000000080000000, 0x00000000a8e80000, 0x00000000d5580000)
  object space 670208K, 99% used [0x0000000080000000,0x00000000a8e472d8,0x00000000a8e80000)
 Metaspace       used 40970K, committed 42112K, reserved 1114112K
  class space    used 3511K, committed 3968K, reserved 1048576K
}
Event: 19294.671 GC heap before
{Heap before GC invocations=889 (full 2):
 PSYoungGen      total 4608K, used 4320K [0x00000000d5580000, 0x00000000d5b80000, 0x0000000100000000)
  eden space 4096K, 100% used [0x00000000d5580000,0x00000000d5980000,0x00000000d5980000)
  from space 512K, 43% used [0x00000000d5b00000,0x00000000d5b38000,0x00000000d5b80000)
  to   space 1024K, 0% used [0x00000000d5980000,0x00000000d5980000,0x00000000d5a80000)
 ParOldGen       total 670208K, used 669980K [0x0000000080000000, 0x00000000a8e80000, 0x00000000d5580000)
  object space 670208K, 99% used [0x0000000080000000,0x00000000a8e472d8,0x00000000a8e80000)
 Metaspace       used 40970K, committed 42112K, reserved 1114112K
  class space    used 3511K, committed 3968K, reserved 1048576K
}
Event: 19294.675 GC heap after
{Heap after GC invocations=889 (full 2):
 PSYoungGen      total 5120K, used 992K [0x00000000d5580000, 0x00000000d5d80000, 0x0000000100000000)
  eden space 4096K, 0% used [0x00000000d5580000,0x00000000d5580000,0x00000000d5980000)
  from space 1024K, 96% used [0x00000000d5980000,0x00000000d5a78010,0x00000000d5a80000)
  to   space 2048K, 0% used [0x00000000d5b80000,0x00000000d5b80000,0x00000000d5d80000)
 ParOldGen       total 670720K, used 670632K [0x0000000080000000, 0x00000000a8f00000, 0x00000000d5580000)
  object space 670720K, 99% used [0x0000000080000000,0x00000000a8eea250,0x00000000a8f00000)
 Metaspace       used 40970K, committed 42112K, reserved 1114112K
  class space    used 3511K, committed 3968K, reserved 1048576K
}
Event: 19294.898 GC heap before
{Heap before GC invocations=890 (full 2):
 PSYoungGen      total 5120K, used 5088K [0x00000000d5580000, 0x00000000d5d80000, 0x0000000100000000)
  eden space 4096K, 100% used [0x00000000d5580000,0x00000000d5980000,0x00000000d5980000)
  from space 1024K, 96% used [0x00000000d5980000,0x00000000d5a78010,0x00000000d5a80000)
  to   space 2048K, 0% used [0x00000000d5b80000,0x00000000d5b80000,0x00000000d5d80000)
 ParOldGen       total 670720K, used 670632K [0x0000000080000000, 0x00000000a8f00000, 0x00000000d5580000)
  object space 670720K, 99% used [0x0000000080000000,0x00000000a8eea250,0x00000000a8f00000)
 Metaspace       used 40977K, committed 42112K, reserved 1114112K
  class space    used 3511K, committed 3968K, reserved 1048576K
}
Event: 19294.904 GC heap after
{Heap after GC invocations=890 (full 2):
 PSYoungGen      total 5120K, used 960K [0x00000000d5580000, 0x00000000d5c80000, 0x0000000100000000)
  eden space 4096K, 0% used [0x00000000d5580000,0x00000000d5580000,0x00000000d5980000)
  from space 1024K, 93% used [0x00000000d5b80000,0x00000000d5c70000,0x00000000d5c80000)
  to   space 1536K, 0% used [0x00000000d5980000,0x00000000d5980000,0x00000000d5b00000)
 ParOldGen       total 671744K, used 671633K [0x0000000080000000, 0x00000000a9000000, 0x00000000d5580000)
  object space 671744K, 99% used [0x0000000080000000,0x00000000a8fe47b0,0x00000000a9000000)
 Metaspace       used 40977K, committed 42112K, reserved 1114112K
  class space    used 3511K, committed 3968K, reserved 1048576K
}

Dll operation events (12 events):
Event: 0.015 Loaded shared library c:\Users\Daniel G\.vscode\extensions\redhat.java-1.54.2026032508-win32-x64\jre\21.0.10-win32-x86_64\bin\java.dll
Event: 1.447 Loaded shared library c:\Users\Daniel G\.vscode\extensions\redhat.java-1.54.2026032508-win32-x64\jre\21.0.10-win32-x86_64\bin\zip.dll
Event: 1.454 Loaded shared library C:\Users\Daniel G\.vscode\extensions\redhat.java-1.54.2026032508-win32-x64\jre\21.0.10-win32-x86_64\bin\instrument.dll
Event: 1.467 Loaded shared library C:\Users\Daniel G\.vscode\extensions\redhat.java-1.54.2026032508-win32-x64\jre\21.0.10-win32-x86_64\bin\net.dll
Event: 1.472 Loaded shared library C:\Users\Daniel G\.vscode\extensions\redhat.java-1.54.2026032508-win32-x64\jre\21.0.10-win32-x86_64\bin\nio.dll
Event: 1.478 Loaded shared library C:\Users\Daniel G\.vscode\extensions\redhat.java-1.54.2026032508-win32-x64\jre\21.0.10-win32-x86_64\bin\zip.dll
Event: 1.618 Loaded shared library C:\Users\Daniel G\.vscode\extensions\redhat.java-1.54.2026032508-win32-x64\jre\21.0.10-win32-x86_64\bin\jimage.dll
Event: 2.142 Loaded shared library c:\Users\Daniel G\.vscode\extensions\redhat.java-1.54.2026032508-win32-x64\jre\21.0.10-win32-x86_64\bin\verify.dll
Event: 9.608 Loaded shared library C:\Users\Daniel G\AppData\Roaming\Code\User\globalStorage\redhat.java\1.54.2026032508\config_win\org.eclipse.equinox.launcher\org.eclipse.equinox.launcher.win32.win32.x86_64_1.3.0.v20260203-2149\eclipse_11919.dll
Event: 17.077 Loaded shared library C:\Users\Daniel G\AppData\Local\Temp\jna-1689819686\jna17651822671898449963.dll
Event: 6618.648 Loaded shared library C:\Users\Daniel G\.vscode\extensions\redhat.java-1.54.2026032508-win32-x64\jre\21.0.10-win32-x86_64\bin\extnet.dll
Event: 6619.000 Loaded shared library C:\Users\Daniel G\.vscode\extensions\redhat.java-1.54.2026032508-win32-x64\jre\21.0.10-win32-x86_64\bin\sunmscapi.dll

Deoptimization events (20 events):
Event: 19293.708 Thread 0x000001b77f728ec0 DEOPT PACKING pc=0x000001b729bc9da0 sp=0x0000004cedbfe280
Event: 19293.708 Thread 0x000001b77f728ec0 DEOPT UNPACKING pc=0x000001b729406da2 sp=0x0000004cedbfe228 mode 2
Event: 19293.770 Thread 0x000001b77f728ec0 DEOPT PACKING pc=0x000001b7224e5f55 sp=0x0000004cedbfd460
Event: 19293.770 Thread 0x000001b77f728ec0 DEOPT UNPACKING pc=0x000001b7294078e2 sp=0x0000004cedbfc918 mode 0
Event: 19293.772 Thread 0x000001b77f728ec0 DEOPT PACKING pc=0x000001b724778b72 sp=0x0000004cedbfe100
Event: 19293.772 Thread 0x000001b77f728ec0 DEOPT UNPACKING pc=0x000001b7294078e2 sp=0x0000004cedbfd678 mode 0
Event: 19294.338 Thread 0x000001b77f728ec0 Uncommon trap: trap_request=0xffffff45 fr.pc=0x000001b72aa09fcc relative=0x00000000000020ec
Event: 19294.338 Thread 0x000001b77f728ec0 Uncommon trap: reason=unstable_if action=reinterpret pc=0x000001b72aa09fcc method=org.eclipse.jdt.internal.compiler.classfmt.MethodInfo.createMethod([B[IIJ)Lorg/eclipse/jdt/internal/compiler/classfmt/MethodInfo; @ 357 c2
Event: 19294.338 Thread 0x000001b77f728ec0 DEOPT PACKING pc=0x000001b72aa09fcc sp=0x0000004cedbfdab0
Event: 19294.339 Thread 0x000001b77f728ec0 DEOPT UNPACKING pc=0x000001b729406da2 sp=0x0000004cedbfda30 mode 2
Event: 19294.347 Thread 0x000001b77f728ec0 Uncommon trap: trap_request=0xffffff45 fr.pc=0x000001b72a6343a8 relative=0x0000000000001c48
Event: 19294.347 Thread 0x000001b77f728ec0 Uncommon trap: reason=unstable_if action=reinterpret pc=0x000001b72a6343a8 method=org.eclipse.jdt.internal.compiler.lookup.LookupEnvironment.getCachedType0([[C)Lorg/eclipse/jdt/internal/compiler/lookup/ReferenceBinding; @ 33 c2
Event: 19294.348 Thread 0x000001b77f728ec0 DEOPT PACKING pc=0x000001b72a6343a8 sp=0x0000004cedbfdd40
Event: 19294.348 Thread 0x000001b77f728ec0 DEOPT UNPACKING pc=0x000001b729406da2 sp=0x0000004cedbfdcd0 mode 2
Event: 19294.642 Thread 0x000001b77f728ec0 DEOPT PACKING pc=0x000001b724778b72 sp=0x0000004cedbfe100
Event: 19294.642 Thread 0x000001b77f728ec0 DEOPT UNPACKING pc=0x000001b7294078e2 sp=0x0000004cedbfd678 mode 0
Event: 19294.660 Thread 0x000001b77f728ec0 DEOPT PACKING pc=0x000001b72487699f sp=0x0000004cedbfeae0
Event: 19294.660 Thread 0x000001b77f728ec0 DEOPT UNPACKING pc=0x000001b7294078e2 sp=0x0000004cedbfdf98 mode 0
Event: 19294.670 Thread 0x000001b77f728ec0 DEOPT PACKING pc=0x000001b7224e5f55 sp=0x0000004cedbfd580
Event: 19294.670 Thread 0x000001b77f728ec0 DEOPT UNPACKING pc=0x000001b7294078e2 sp=0x0000004cedbfca38 mode 0

Classes loaded (20 events):
Event: 12602.831 Loading class java/util/stream/Node$Builder$OfInt done
Event: 12602.831 Loading class java/util/stream/Nodes$IntArrayNode
Event: 12602.831 Loading class java/util/stream/Nodes$IntArrayNode done
Event: 12602.831 Loading class java/util/stream/Nodes$IntFixedNodeBuilder done
Event: 12602.831 Loading class java/util/stream/ReferencePipeline$4$1
Event: 12602.832 Loading class java/util/stream/ReferencePipeline$4$1 done
Event: 12605.071 Loading class java/lang/StringLatin1$LinesSpliterator
Event: 12605.072 Loading class java/lang/StringLatin1$LinesSpliterator done
Event: 12619.908 Loading class java/nio/BufferMismatch
Event: 12619.908 Loading class java/nio/BufferMismatch done
Event: 19255.040 Loading class javax/xml/transform/TransformerConfigurationException
Event: 19255.043 Loading class javax/xml/transform/TransformerConfigurationException done
Event: 19255.441 Loading class java/nio/file/attribute/PosixFileAttributeView
Event: 19256.059 Loading class java/nio/file/attribute/PosixFileAttributeView done
Event: 19256.328 Loading class java/nio/file/DirectoryIteratorException
Event: 19256.378 Loading class java/nio/file/DirectoryIteratorException done
Event: 19256.446 Loading class java/lang/StackStreamFactory$CallerClassFinder
Event: 19256.451 Loading class java/lang/StackStreamFactory$CallerClassFinder done
Event: 19256.452 Loading class java/lang/StackStreamFactory$CallerClassFinder$ClassBuffer
Event: 19256.454 Loading class java/lang/StackStreamFactory$CallerClassFinder$ClassBuffer done

Classes unloaded (20 events):
Event: 12596.519 Thread 0x000001b735c9f890 Unloading class 0x000001b73a014800 'java/lang/invoke/LambdaForm$MH+0x000001b73a014800'
Event: 12596.519 Thread 0x000001b735c9f890 Unloading class 0x000001b73a014400 'java/lang/invoke/LambdaForm$MH+0x000001b73a014400'
Event: 12596.519 Thread 0x000001b735c9f890 Unloading class 0x000001b73a011800 'java/lang/invoke/LambdaForm$MH+0x000001b73a011800'
Event: 12596.519 Thread 0x000001b735c9f890 Unloading class 0x000001b73a010800 'java/lang/invoke/LambdaForm$MH+0x000001b73a010800'
Event: 12596.519 Thread 0x000001b735c9f890 Unloading class 0x000001b73a010000 'java/lang/invoke/LambdaForm$MH+0x000001b73a010000'
Event: 12596.521 Thread 0x000001b735c9f890 Unloading class 0x000001b73a008c00 'java/lang/invoke/LambdaForm$MH+0x000001b73a008c00'
Event: 12596.521 Thread 0x000001b735c9f890 Unloading class 0x000001b73a008800 'java/lang/invoke/LambdaForm$MH+0x000001b73a008800'
Event: 12596.521 Thread 0x000001b735c9f890 Unloading class 0x000001b73a008400 'java/lang/invoke/LambdaForm$MH+0x000001b73a008400'
Event: 12596.521 Thread 0x000001b735c9f890 Unloading class 0x000001b73a008000 'java/lang/invoke/LambdaForm$MH+0x000001b73a008000'
Event: 12596.521 Thread 0x000001b735c9f890 Unloading class 0x000001b73a005c00 'java/lang/invoke/LambdaForm$MH+0x000001b73a005c00'
Event: 12596.521 Thread 0x000001b735c9f890 Unloading class 0x000001b73a005800 'java/lang/invoke/LambdaForm$MH+0x000001b73a005800'
Event: 12596.521 Thread 0x000001b735c9f890 Unloading class 0x000001b73a005400 'java/lang/invoke/LambdaForm$MH+0x000001b73a005400'
Event: 12596.521 Thread 0x000001b735c9f890 Unloading class 0x000001b73a005000 'java/lang/invoke/LambdaForm$MH+0x000001b73a005000'
Event: 12596.521 Thread 0x000001b735c9f890 Unloading class 0x000001b73a004c00 'java/lang/invoke/LambdaForm$MH+0x000001b73a004c00'
Event: 12596.521 Thread 0x000001b735c9f890 Unloading class 0x000001b73a004800 'java/lang/invoke/LambdaForm$MH+0x000001b73a004800'
Event: 12596.521 Thread 0x000001b735c9f890 Unloading class 0x000001b73a004400 'java/lang/invoke/LambdaForm$MH+0x000001b73a004400'
Event: 12596.521 Thread 0x000001b735c9f890 Unloading class 0x000001b73a001c00 'java/lang/invoke/LambdaForm$MH+0x000001b73a001c00'
Event: 12596.521 Thread 0x000001b735c9f890 Unloading class 0x000001b73a001800 'java/lang/invoke/LambdaForm$MH+0x000001b73a001800'
Event: 12596.521 Thread 0x000001b735c9f890 Unloading class 0x000001b73a001000 'java/lang/invoke/LambdaForm$MH+0x000001b73a001000'
Event: 12596.521 Thread 0x000001b735c9f890 Unloading class 0x000001b73a000400 'java/lang/invoke/LambdaForm$MH+0x000001b73a000400'

Classes redefined (0 events):
No events

Internal exceptions (20 events):
Event: 19256.609 Thread 0x000001b77f728ec0 Implicit null exception at 0x000001b72a9a54cb to 0x000001b72a9a5ed0
Event: 19258.106 Thread 0x000001b77accc2d0 Implicit null exception at 0x000001b729e8216f to 0x000001b729e82484
Event: 19258.106 Thread 0x000001b77accc2d0 Implicit null exception at 0x000001b729d452a1 to 0x000001b729d455b4
Event: 19258.108 Thread 0x000001b77accc2d0 Implicit null exception at 0x000001b729da0bff to 0x000001b729da100c
Event: 19289.684 Thread 0x000001b77accfde0 Exception <a 'sun/nio/fs/WindowsException'{0x00000000d577ddb8}> (0x00000000d577ddb8) 
thrown [s\src\hotspot\share\prims\jni.cpp, line 520]
Event: 19289.687 Thread 0x000001b77accfde0 Exception <a 'sun/nio/fs/WindowsException'{0x00000000d577e9a8}> (0x00000000d577e9a8) 
thrown [s\src\hotspot\share\prims\jni.cpp, line 520]
Event: 19289.718 Thread 0x000001b77accfde0 Exception <a 'sun/nio/fs/WindowsException'{0x00000000d58746b0}> (0x00000000d58746b0) 
thrown [s\src\hotspot\share\prims\jni.cpp, line 520]
Event: 19290.326 Thread 0x000001b77accc2d0 Implicit null exception at 0x000001b72a98751b to 0x000001b72a987aa8
Event: 19291.474 Thread 0x000001b77f728ec0 Exception <a 'sun/nio/fs/WindowsException'{0x00000000d56f8608}> (0x00000000d56f8608) 
thrown [s\src\hotspot\share\prims\jni.cpp, line 520]
Event: 19291.474 Thread 0x000001b77f728ec0 Exception <a 'sun/nio/fs/WindowsException'{0x00000000d56f8f90}> (0x00000000d56f8f90) 
thrown [s\src\hotspot\share\prims\jni.cpp, line 520]
Event: 19292.134 Thread 0x000001b77acccff0 Exception <a 'sun/nio/fs/WindowsException'{0x00000000d59edd50}> (0x00000000d59edd50) 
thrown [s\src\hotspot\share\prims\jni.cpp, line 520]
Event: 19292.134 Thread 0x000001b77acccff0 Exception <a 'sun/nio/fs/WindowsException'{0x00000000d59ee448}> (0x00000000d59ee448) 
thrown [s\src\hotspot\share\prims\jni.cpp, line 520]
Event: 19292.135 Thread 0x000001b77acccff0 Exception <a 'sun/nio/fs/WindowsException'{0x00000000d59ef5f0}> (0x00000000d59ef5f0) 
thrown [s\src\hotspot\share\prims\jni.cpp, line 520]
Event: 19292.135 Thread 0x000001b77acccff0 Exception <a 'sun/nio/fs/WindowsException'{0x00000000d59eff28}> (0x00000000d59eff28) 
thrown [s\src\hotspot\share\prims\jni.cpp, line 520]
Event: 19292.295 Thread 0x000001b77acccff0 Exception <a 'java/io/FileNotFoundException'{0x00000000d5639238}> (0x00000000d5639238) 
thrown [s\src\hotspot\share\prims\jni.cpp, line 520]
Event: 19292.296 Thread 0x000001b77acccff0 Exception <a 'java/io/FileNotFoundException'{0x00000000d563a260}> (0x00000000d563a260) 
thrown [s\src\hotspot\share\prims\jni.cpp, line 520]
Event: 19292.331 Thread 0x000001b77acccff0 Exception <a 'sun/nio/fs/WindowsException'{0x00000000d5688a00}> (0x00000000d5688a00) 
thrown [s\src\hotspot\share\prims\jni.cpp, line 520]
Event: 19292.331 Thread 0x000001b77acccff0 Exception <a 'sun/nio/fs/WindowsException'{0x00000000d56890d8}> (0x00000000d56890d8) 
thrown [s\src\hotspot\share\prims\jni.cpp, line 520]
Event: 19292.542 Thread 0x000001b77acccff0 Exception <a 'sun/nio/fs/WindowsException'{0x00000000d56cdc50}> (0x00000000d56cdc50) 
thrown [s\src\hotspot\share\prims\jni.cpp, line 520]
Event: 19292.542 Thread 0x000001b77acccff0 Exception <a 'sun/nio/fs/WindowsException'{0x00000000d56ce328}> (0x00000000d56ce328) 
thrown [s\src\hotspot\share\prims\jni.cpp, line 520]

ZGC Phase Switch (0 events):
No events

VM Operations (20 events):
Event: 19293.092 Executing safepoint VM operation: ParallelGCFailedAllocation (Allocation Failure)
Event: 19293.099 Executing safepoint VM operation: ParallelGCFailedAllocation (Allocation Failure) done
Event: 19293.226 Executing safepoint VM operation: ParallelGCFailedAllocation (Allocation Failure)
Event: 19293.270 Executing safepoint VM operation: ParallelGCFailedAllocation (Allocation Failure) done
Event: 19293.718 Executing safepoint VM operation: ParallelGCFailedAllocation (Allocation Failure)
Event: 19293.722 Executing safepoint VM operation: ParallelGCFailedAllocation (Allocation Failure) done
Event: 19293.772 Executing safepoint VM operation: ParallelGCFailedAllocation (Allocation Failure)
Event: 19293.779 Executing safepoint VM operation: ParallelGCFailedAllocation (Allocation Failure) done
Event: 19294.002 Executing safepoint VM operation: ParallelGCFailedAllocation (Allocation Failure)
Event: 19294.007 Executing safepoint VM operation: ParallelGCFailedAllocation (Allocation Failure) done
Event: 19294.292 Executing safepoint VM operation: ParallelGCFailedAllocation (Allocation Failure)
Event: 19294.298 Executing safepoint VM operation: ParallelGCFailedAllocation (Allocation Failure) done
Event: 19294.650 Executing safepoint VM operation: ParallelGCFailedAllocation (Allocation Failure)
Event: 19294.653 Executing safepoint VM operation: ParallelGCFailedAllocation (Allocation Failure) done
Event: 19294.671 Executing safepoint VM operation: ParallelGCFailedAllocation (Allocation Failure)
Event: 19294.675 Executing safepoint VM operation: ParallelGCFailedAllocation (Allocation Failure) done
Event: 19294.898 Executing safepoint VM operation: ParallelGCFailedAllocation (Allocation Failure)
Event: 19294.904 Executing safepoint VM operation: ParallelGCFailedAllocation (Allocation Failure) done
Event: 19295.909 Executing safepoint VM operation: Cleanup
Event: 19295.909 Executing safepoint VM operation: Cleanup done

Memory protections (0 events):
No events

Nmethod flushes (20 events):
Event: 12597.341 Thread 0x000001b735c9f890 flushing  nmethod 0x000001b722e82110
Event: 12597.341 Thread 0x000001b735c9f890 flushing  nmethod 0x000001b722e86490
Event: 12597.341 Thread 0x000001b735c9f890 flushing  nmethod 0x000001b722e88110
Event: 12597.341 Thread 0x000001b735c9f890 flushing  nmethod 0x000001b722e89d90
Event: 12597.341 Thread 0x000001b735c9f890 flushing  nmethod 0x000001b722e8a210
Event: 12597.341 Thread 0x000001b735c9f890 flushing  nmethod 0x000001b722e8bd10
Event: 12597.341 Thread 0x000001b735c9f890 flushing  nmethod 0x000001b722e8e790
Event: 12597.341 Thread 0x000001b735c9f890 flushing  nmethod 0x000001b722e96c90
Event: 12597.341 Thread 0x000001b735c9f890 flushing  nmethod 0x000001b722e9db10
Event: 12597.341 Thread 0x000001b735c9f890 flushing  nmethod 0x000001b722ef2690
Event: 12597.341 Thread 0x000001b735c9f890 flushing osr nmethod 0x000001b722f12d90
Event: 12597.341 Thread 0x000001b735c9f890 flushing  nmethod 0x000001b722f1a710
Event: 12597.341 Thread 0x000001b735c9f890 flushing  nmethod 0x000001b722f1ba90
Event: 12597.341 Thread 0x000001b735c9f890 flushing  nmethod 0x000001b722f2a110
Event: 12597.341 Thread 0x000001b735c9f890 flushing  nmethod 0x000001b722f2a810
Event: 12597.341 Thread 0x000001b735c9f890 flushing  nmethod 0x000001b722f36090
Event: 12597.341 Thread 0x000001b735c9f890 flushing  nmethod 0x000001b7233ff190
Event: 12597.341 Thread 0x000001b735c9f890 flushing  nmethod 0x000001b7239e5390
Event: 12597.341 Thread 0x000001b735c9f890 flushing  nmethod 0x000001b723a3c590
Event: 12597.341 Thread 0x000001b735c9f890 flushing  nmethod 0x000001b723a3d390

Events (20 events):
Event: 19246.222 Thread 0x000001b77accfde0 Thread added: 0x000001b77acd0b00
Event: 19246.223 Thread 0x000001b77accfde0 Thread added: 0x000001b77acce3a0
Event: 19246.709 Thread 0x000001b77acce3a0 Thread exited: 0x000001b77acce3a0
Event: 19246.720 Thread 0x000001b77accc960 Thread exited: 0x000001b77accc960
Event: 19246.723 Thread 0x000001b77acd0b00 Thread exited: 0x000001b77acd0b00
Event: 19246.729 Thread 0x000001b77acd1190 Thread exited: 0x000001b77acd1190
Event: 19246.733 Thread 0x000001b77accd680 Thread exited: 0x000001b77accd680
Event: 19248.237 Thread 0x000001b701424d40 Thread added: 0x000001b77acccff0
Event: 19248.524 Thread 0x000001b77accfde0 Thread added: 0x000001b77accea30
Event: 19248.524 Thread 0x000001b77accfde0 Thread added: 0x000001b77accc960
Event: 19248.525 Thread 0x000001b77accfde0 Thread added: 0x000001b77accbc40
Event: 19248.525 Thread 0x000001b77accfde0 Thread added: 0x000001b77acd1820
Event: 19248.525 Thread 0x000001b77accfde0 Thread added: 0x000001b77accd680
Event: 19249.177 Thread 0x000001b77accea30 Thread exited: 0x000001b77accea30
Event: 19249.177 Thread 0x000001b77accc960 Thread exited: 0x000001b77accc960
Event: 19249.178 Thread 0x000001b77accbc40 Thread exited: 0x000001b77accbc40
Event: 19249.178 Thread 0x000001b77acd1820 Thread exited: 0x000001b77acd1820
Event: 19249.178 Thread 0x000001b77accd680 Thread exited: 0x000001b77accd680
Event: 19253.908 Thread 0x000001b701424d40 Thread added: 0x000001b77accd680
Event: 19289.766 Thread 0x000001b77f728ec0 Thread added: 0x000001b77acd1190


Dynamic libraries:
0x00007ff6fe040000 - 0x00007ff6fe04e000 	c:\Users\Daniel G\.vscode\extensions\redhat.java-1.54.2026032508-win32-x64\jre\21.0.10-win32-x86_64\bin\java.exe
0x00007ffa13f90000 - 0x00007ffa14188000 	C:\Windows\SYSTEM32\ntdll.dll
0x00007ffa135c0000 - 0x00007ffa13682000 	C:\Windows\System32\KERNEL32.DLL
0x00007ffa116f0000 - 0x00007ffa119e6000 	C:\Windows\System32\KERNELBASE.dll
0x00007ffa0da80000 - 0x00007ffa0db14000 	C:\Windows\SYSTEM32\apphelp.dll
0x00007ffa11b50000 - 0x00007ffa11c50000 	C:\Windows\System32\ucrtbase.dll
0x00007ffa0d800000 - 0x00007ffa0d818000 	c:\Users\Daniel G\.vscode\extensions\redhat.java-1.54.2026032508-win32-x64\jre\21.0.10-win32-x86_64\bin\jli.dll
0x00007ffa13770000 - 0x00007ffa13911000 	C:\Windows\System32\USER32.dll
0x00007ffa11d00000 - 0x00007ffa11d22000 	C:\Windows\System32\win32u.dll
0x00007ffa13590000 - 0x00007ffa135bb000 	C:\Windows\System32\GDI32.dll
0x00007ffa11dd0000 - 0x00007ffa11ee9000 	C:\Windows\System32\gdi32full.dll
0x00007ffa11d30000 - 0x00007ffa11dcd000 	C:\Windows\System32\msvcp_win.dll
0x00007ffa0db90000 - 0x00007ffa0dbae000 	c:\Users\Daniel G\.vscode\extensions\redhat.java-1.54.2026032508-win32-x64\jre\21.0.10-win32-x86_64\bin\VCRUNTIME140.dll
0x00007ff9fd2a0000 - 0x00007ff9fd53b000 	C:\Windows\WinSxS\amd64_microsoft.windows.common-controls_6595b64144ccf1df_6.0.19041.6456_none_60b8a6cb71f64256\COMCTL32.dll
0x00007ffa13280000 - 0x00007ffa1331e000 	C:\Windows\System32\msvcrt.dll
0x00007ffa13920000 - 0x00007ffa1394f000 	C:\Windows\System32\IMM32.DLL
0x00007ffa0dbd0000 - 0x00007ffa0dbdc000 	c:\Users\Daniel G\.vscode\extensions\redhat.java-1.54.2026032508-win32-x64\jre\21.0.10-win32-x86_64\bin\vcruntime140_1.dll
0x00007ffa011e0000 - 0x00007ffa0126d000 	c:\Users\Daniel G\.vscode\extensions\redhat.java-1.54.2026032508-win32-x64\jre\21.0.10-win32-x86_64\bin\msvcp140.dll
0x00007ff998fd0000 - 0x00007ff999d71000 	c:\Users\Daniel G\.vscode\extensions\redhat.java-1.54.2026032508-win32-x64\jre\21.0.10-win32-x86_64\bin\server\jvm.dll
0x00007ffa131a0000 - 0x00007ffa13251000 	C:\Windows\System32\ADVAPI32.dll
0x00007ffa13040000 - 0x00007ffa130df000 	C:\Windows\System32\sechost.dll
0x00007ffa13450000 - 0x00007ffa13570000 	C:\Windows\System32\RPCRT4.dll
0x00007ffa11f80000 - 0x00007ffa11fa7000 	C:\Windows\System32\bcrypt.dll
0x00007ffa123f0000 - 0x00007ffa1245b000 	C:\Windows\System32\WS2_32.dll
0x00007ffa11480000 - 0x00007ffa114cb000 	C:\Windows\SYSTEM32\POWRPROF.dll
0x00007ff9fd620000 - 0x00007ff9fd647000 	C:\Windows\SYSTEM32\WINMM.dll
0x00007ffa0a240000 - 0x00007ffa0a24a000 	C:\Windows\SYSTEM32\VERSION.dll
0x00007ffa11460000 - 0x00007ffa11472000 	C:\Windows\SYSTEM32\UMPDC.dll
0x00007ffa0fe30000 - 0x00007ffa0fe42000 	C:\Windows\SYSTEM32\kernel.appcore.dll
0x00007ffa0d790000 - 0x00007ffa0d79a000 	c:\Users\Daniel G\.vscode\extensions\redhat.java-1.54.2026032508-win32-x64\jre\21.0.10-win32-x86_64\bin\jimage.dll
0x00007ffa0f200000 - 0x00007ffa0f401000 	C:\Windows\SYSTEM32\DBGHELP.DLL
0x00007ff9ece50000 - 0x00007ff9ece84000 	C:\Windows\SYSTEM32\dbgcore.DLL
0x00007ffa11ef0000 - 0x00007ffa11f72000 	C:\Windows\System32\bcryptPrimitives.dll
0x00007ffa0d780000 - 0x00007ffa0d78f000 	c:\Users\Daniel G\.vscode\extensions\redhat.java-1.54.2026032508-win32-x64\jre\21.0.10-win32-x86_64\bin\instrument.dll
0x00007ffa0be70000 - 0x00007ffa0be90000 	c:\Users\Daniel G\.vscode\extensions\redhat.java-1.54.2026032508-win32-x64\jre\21.0.10-win32-x86_64\bin\java.dll
0x00007ffa126c0000 - 0x00007ffa12e30000 	C:\Windows\System32\SHELL32.dll
0x00007ffa0f670000 - 0x00007ffa0fe15000 	C:\Windows\SYSTEM32\windows.storage.dll
0x00007ffa11fb0000 - 0x00007ffa12304000 	C:\Windows\System32\combase.dll
0x00007ffa10f70000 - 0x00007ffa10f9b000 	C:\Windows\SYSTEM32\Wldp.dll
0x00007ffa13690000 - 0x00007ffa1375d000 	C:\Windows\System32\OLEAUT32.dll
0x00007ffa13950000 - 0x00007ffa139fd000 	C:\Windows\System32\SHCORE.dll
0x00007ffa13e70000 - 0x00007ffa13ecb000 	C:\Windows\System32\shlwapi.dll
0x00007ffa11550000 - 0x00007ffa11574000 	C:\Windows\SYSTEM32\profapi.dll
0x00007ffa0be50000 - 0x00007ffa0be68000 	c:\Users\Daniel G\.vscode\extensions\redhat.java-1.54.2026032508-win32-x64\jre\21.0.10-win32-x86_64\bin\zip.dll
0x00007ffa0bf00000 - 0x00007ffa0bf10000 	C:\Users\Daniel G\.vscode\extensions\redhat.java-1.54.2026032508-win32-x64\jre\21.0.10-win32-x86_64\bin\net.dll
0x00007ffa02290000 - 0x00007ffa0239a000 	C:\Windows\SYSTEM32\WINHTTP.dll
0x00007ffa10cd0000 - 0x00007ffa10d3a000 	C:\Windows\system32\mswsock.dll
0x00007ffa01130000 - 0x00007ffa01146000 	C:\Users\Daniel G\.vscode\extensions\redhat.java-1.54.2026032508-win32-x64\jre\21.0.10-win32-x86_64\bin\nio.dll
0x00007ffa0be00000 - 0x00007ffa0be10000 	c:\Users\Daniel G\.vscode\extensions\redhat.java-1.54.2026032508-win32-x64\jre\21.0.10-win32-x86_64\bin\verify.dll
0x00007ffa00af0000 - 0x00007ffa00b35000 	C:\Users\Daniel G\AppData\Roaming\Code\User\globalStorage\redhat.java\1.54.2026032508\config_win\org.eclipse.equinox.launcher\org.eclipse.equinox.launcher.win32.win32.x86_64_1.3.0.v20260203-2149\eclipse_11919.dll
0x00007ffa13320000 - 0x00007ffa1344b000 	C:\Windows\System32\ole32.dll
0x00007ffa10ed0000 - 0x00007ffa10ee8000 	C:\Windows\SYSTEM32\CRYPTSP.dll
0x00007ffa105f0000 - 0x00007ffa10628000 	C:\Windows\system32\rsaenh.dll
0x00007ffa114d0000 - 0x00007ffa114fe000 	C:\Windows\SYSTEM32\USERENV.dll
0x00007ffa10ec0000 - 0x00007ffa10ecc000 	C:\Windows\SYSTEM32\CRYPTBASE.dll
0x00007ffa109b0000 - 0x00007ffa109eb000 	C:\Windows\SYSTEM32\IPHLPAPI.DLL
0x00007ffa13580000 - 0x00007ffa13588000 	C:\Windows\System32\NSI.dll
0x00007ff9ff790000 - 0x00007ff9ff7d9000 	C:\Users\Daniel G\AppData\Local\Temp\jna-1689819686\jna17651822671898449963.dll
0x00007ffa13760000 - 0x00007ffa13768000 	C:\Windows\System32\PSAPI.DLL
0x00007ffa06a70000 - 0x00007ffa06a87000 	C:\Windows\SYSTEM32\dhcpcsvc6.DLL
0x00007ffa074a0000 - 0x00007ffa074bd000 	C:\Windows\SYSTEM32\dhcpcsvc.DLL
0x00007ffa109f0000 - 0x00007ffa10aba000 	C:\Windows\SYSTEM32\DNSAPI.dll
0x00007ffa0b560000 - 0x00007ffa0b56a000 	C:\Windows\System32\rasadhlp.dll
0x00007ffa017b0000 - 0x00007ffa01830000 	C:\Windows\System32\fwpuclnt.dll
0x00007ffa00fd0000 - 0x00007ffa00fd9000 	C:\Users\Daniel G\.vscode\extensions\redhat.java-1.54.2026032508-win32-x64\jre\21.0.10-win32-x86_64\bin\extnet.dll
0x00007ffa0be40000 - 0x00007ffa0be4e000 	C:\Users\Daniel G\.vscode\extensions\redhat.java-1.54.2026032508-win32-x64\jre\21.0.10-win32-x86_64\bin\sunmscapi.dll
0x00007ffa119f0000 - 0x00007ffa11b4d000 	C:\Windows\System32\CRYPT32.dll
0x00007ffa10fe0000 - 0x00007ffa11007000 	C:\Windows\SYSTEM32\ncrypt.dll
0x00007ffa10fa0000 - 0x00007ffa10fdb000 	C:\Windows\SYSTEM32\NTASN1.dll

JVMTI agents:
c:\Users\Daniel G\.vscode\extensions\redhat.java-1.54.2026032508-win32-x64\lombok\lombok-1.18.39-4050.jar path:c:\Users\Daniel G\.vscode\extensions\redhat.java-1.54.2026032508-win32-x64\jre\21.0.10-win32-x86_64\bin\instrument.dll, loaded, initialized, instrumentlib options:none

dbghelp: loaded successfully - version: 4.0.5 - missing functions: none
symbol engine: initialized successfully - sym options: 0x614 - pdb path: .;c:\Users\Daniel G\.vscode\extensions\redhat.java-1.54.2026032508-win32-x64\jre\21.0.10-win32-x86_64\bin;C:\Windows\SYSTEM32;C:\Windows\WinSxS\amd64_microsoft.windows.common-controls_6595b64144ccf1df_6.0.19041.6456_none_60b8a6cb71f64256;c:\Users\Daniel G\.vscode\extensions\redhat.java-1.54.2026032508-win32-x64\jre\21.0.10-win32-x86_64\bin\server;C:\Users\Daniel G\AppData\Roaming\Code\User\globalStorage\redhat.java\1.54.2026032508\config_win\org.eclipse.equinox.launcher\org.eclipse.equinox.launcher.win32.win32.x86_64_1.3.0.v20260203-2149;C:\Users\Daniel G\AppData\Local\Temp\jna-1689819686

VM Arguments:
jvm_args: --add-modules=ALL-SYSTEM --add-opens=java.base/java.util=ALL-UNNAMED --add-opens=java.base/java.lang=ALL-UNNAMED --add-opens=java.base/sun.nio.fs=ALL-UNNAMED -Declipse.application=org.eclipse.jdt.ls.core.id1 -Dosgi.bundles.defaultStartLevel=4 -Declipse.product=org.eclipse.jdt.ls.core.product -Djava.import.generatesMetadataFilesAtProjectRoot=false -DDetectVMInstallationsJob.disabled=true -Dfile.encoding=utf8 -XX:+UseParallelGC -XX:GCTimeRatio=4 -XX:AdaptiveSizePolicyWeight=90 -Dsun.zip.disableMemoryMapping=true -Xmx2G -Xms100m -Xlog:disable -javaagent:c:\Users\Daniel G\.vscode\extensions\redhat.java-1.54.2026032508-win32-x64\lombok\lombok-1.18.39-4050.jar -XX:+HeapDumpOnOutOfMemoryError -XX:HeapDumpPath=c:\Users\Daniel G\AppData\Roaming\Code\User\workspaceStorage\d6beb6c7fe6d550a494165b7dcf02cc4\redhat.java -Daether.dependencyCollector.impl=bf -XX:+UnlockDiagnosticVMOptions -XX:+AllowArchivingWithJavaAgent -XX:+AutoCreateSharedArchive -XX:SharedArchiveFile=c:\Users\Daniel G\AppData\Roaming\Code\User\globalStorage\redhat.java\1.54.2026032508\jdtls.jsa 
java_command: c:\Users\Daniel G\.vscode\extensions\redhat.java-1.54.2026032508-win32-x64\server\plugins\org.eclipse.equinox.launcher_1.7.100.v20251111-0406.jar -configuration c:\Users\Daniel G\AppData\Roaming\Code\User\globalStorage\redhat.java\1.54.2026032508\config_win -data c:\Users\Daniel G\AppData\Roaming\Code\User\workspaceStorage\d6beb6c7fe6d550a494165b7dcf02cc4\redhat.java\jdt_ws --pipe=\\.\pipe\lsp-40caa82a1f61bde1e04cea741389f01c-sock
java_class_path (initial): c:\Users\Daniel G\.vscode\extensions\redhat.java-1.54.2026032508-win32-x64\server\plugins\org.eclipse.equinox.launcher_1.7.100.v20251111-0406.jar
Launcher Type: SUN_STANDARD

[Global flags]
    uintx AdaptiveSizePolicyWeight                 = 90                                        {product} {command line}
     bool AllowArchivingWithJavaAgent              = true                             {JVMCI diagnostic} {command line}
     bool AutoCreateSharedArchive                  = false                               {JVMCI product} {command line}
     intx CICompilerCount                          = 3                                         {product} {ergonomic}
    uintx GCTimeRatio                              = 4                                         {product} {command line}
     bool HeapDumpOnOutOfMemoryError               = true                                   {manageable} {command line}
    ccstr HeapDumpPath                             = c:\Users\Daniel G\AppData\Roaming\Code\User\workspaceStorage\d6beb6c7fe6d550a494165b7dcf02cc4\redhat.java         {manageable} {command line}
   size_t InitialHeapSize                          = 104857600                                 {product} {command line}
   size_t MaxHeapSize                              = 2147483648                                {product} {command line}
   size_t MaxNewSize                               = 715653120                                 {product} {ergonomic}
   size_t MinHeapDeltaBytes                        = 524288                                    {product} {ergonomic}
   size_t MinHeapSize                              = 104857600                                 {product} {command line}
   size_t NewSize                                  = 34603008                                  {product} {ergonomic}
    uintx NonNMethodCodeHeapSize                   = 5832780                                {pd product} {ergonomic}
    uintx NonProfiledCodeHeapSize                  = 122912730                              {pd product} {ergonomic}
   size_t OldSize                                  = 70254592                                  {product} {ergonomic}
    uintx ProfiledCodeHeapSize                     = 122912730                              {pd product} {ergonomic}
    uintx ReservedCodeCacheSize                    = 251658240                              {pd product} {ergonomic}
     bool SegmentedCodeCache                       = true                                      {product} {ergonomic}
    ccstr SharedArchiveFile                        = c:\Users\Daniel G\AppData\Roaming\Code\User\globalStorage\redhat.java\1.54.2026032508\jdtls.jsa      {JVMCI product} {command line}
   size_t SoftMaxHeapSize                          = 2147483648                             {manageable} {ergonomic}
     bool UnlockDiagnosticVMOptions                = true                                   {diagnostic} {command line}
     bool UseCompressedOops                        = true                           {product lp64_product} {ergonomic}
     bool UseLargePagesIndividualAllocation        = false                                  {pd product} {ergonomic}
     bool UseParallelGC                            = true                                      {product} {command line}

Logging:
Log output configuration:
 #0: stdout all=off uptime,level,tags foldmultilines=false
 #1: stderr all=off uptime,level,tags foldmultilines=false

Release file:
JAVA_VERSION="21.0.10" 
MODULES="java.base java.compiler java.datatransfer java.xml java.prefs java.desktop java.instrument java.logging java.management java.security.sasl java.naming java.rmi java.management.rmi java.net.http java.scripting java.security.jgss java.transaction.xa java.sql java.sql.rowset java.xml.crypto java.se java.smartcardio jdk.accessibility jdk.internal.jvmstat jdk.attach jdk.charsets jdk.internal.opt jdk.zipfs jdk.compiler jdk.crypto.ec jdk.crypto.cryptoki jdk.crypto.mscapi jdk.dynalink jdk.internal.ed jdk.editpad jdk.hotspot.agent jdk.httpserver jdk.internal.le jdk.internal.vm.ci jdk.internal.vm.compiler jdk.internal.vm.compiler.management jdk.jartool jdk.javadoc jdk.jcmd jdk.management jdk.management.agent jdk.jconsole jdk.jdeps jdk.jdwp.agent jdk.jdi jdk.jfr jdk.jshell jdk.jsobject jdk.jstatd jdk.localedata jdk.management.jfr jdk.naming.dns jdk.naming.rmi jdk.net jdk.nio.mapmode jdk.random jdk.sctp jdk.security.auth jdk.security.jgss jdk.unsupported jdk.unsupported.desktop jdk.xml.dom" 

Environment Variables:
PATH=C:\Users\Daniel G\AppData\Local\Programs\Microsoft VS Code;C:\Program Files\Microsoft\jdk-21.0.10.7-hotspot\bin;C:\Windows\system32;C:\Windows;C:\Windows\System32\Wbem;C:\Windows\System32\WindowsPowerShell\v1.0\;C:\Windows\System32\OpenSSH\;C:\Program Files\Microsoft SQL Server\Client SDK\ODBC\170\Tools\Binn\;C:\Program Files\Git\cmd;C:\xampp\php;C:\ProgramData\ComposerSetup\bin;C:\Program Files\MySQL\MySQL Shell 8.0\bin\;C:\Users\Daniel G\AppData\Local\Microsoft\WindowsApps;C:\Users\Daniel G\AppData\Local\Programs\Microsoft VS Code\bin;C:\Program Files\JetBrains\IntelliJ IDEA Community Edition 2024.3.4.1\bin;;C:\Users\Daniel G\AppData\Roaming\Composer\vendor\bin
USERNAME=Daniel G
OS=Windows_NT
PROCESSOR_IDENTIFIER=Intel64 Family 6 Model 126 Stepping 5, GenuineIntel
TMP=C:\Users\DANIEL~1\AppData\Local\Temp
TEMP=C:\Users\DANIEL~1\AppData\Local\Temp




Periodic native trim disabled

---------------  S Y S T E M  ---------------

OS:
 Windows 10 , 64 bit Build 19041 (10.0.19041.5915)
OS uptime: 19 days 23:13 hours

CPU: total 4 (initial active 4) (2 cores per cpu, 2 threads per core) family 6 model 126 stepping 5 microcode 0xc2, cx8, cmov, fxsr, ht, mmx, 3dnowpref, sse, sse2, sse3, ssse3, sse4.1, sse4.2, popcnt, lzcnt, tsc, tscinvbit, avx, avx2, aes, erms, clmul, bmi1, bmi2, adx, avx512f, avx512dq, avx512cd, avx512bw, avx512vl, sha, fma, vzeroupper, avx512_vpopcntdq, avx512_vpclmulqdq, avx512_vaes, avx512_vnni, clflush, clflushopt, avx512_vbmi2, avx512_vbmi, rdtscp, rdpid, fsrm, gfni, avx512_bitalg, f16c, pku, avx512_ifma
Processor Information for the first 4 processors :
  Max Mhz: 1190, Current Mhz: 1190, Mhz Limit: 1190

Memory: 4k page, system-wide physical 3863M (171M free)
TotalPageFile size 15639M (AvailPageFile size 7M)
current process WorkingSet (physical memory assigned to process): 184M, peak: 420M
current process commit charge ("private bytes"): 995M, peak: 1009M

vm_info: OpenJDK 64-Bit Server VM (21.0.10+7-LTS) for windows-amd64 JRE (21.0.10+7-LTS), built on 2026-01-20T00:00:00Z by "admin" with MS VC++ 17.12 (VS2022)

END.
